<?xml version="1.0" encoding="UTF-8"?>
<!-- Generated by org.testng.reporters.JUnitXMLReporter -->
<testsuite ignored="0" hostname="PIT0901" failures="7" tests="15" name="Testmxl" time="170.428" errors="0" timestamp="2022-05-02T16:34:00 SAST">
  <testcase classname="testTakeaLot.ReadDataFromExcelTests" name="BrandQuantity" time="0.0">
    <failure type="org.testng.TestNGException" message="
Data Provider public java.lang.Object[][] testTakeaLot.ReadDataFromExcelTests.getDataFromExcel() throws java.io.IOException returned a null value">
      <![CDATA[org.testng.TestNGException: 
Data Provider public java.lang.Object[][] testTakeaLot.ReadDataFromExcelTests.getDataFromExcel() throws java.io.IOException returned a null value
at java.base/java.util.ArrayList.forEach(ArrayList.java:1511)
... Removed 24 stack frames]]>
    </failure>
  </testcase> <!-- BrandQuantity -->
  <testcase classname="testTakeaLot.ReadDataFromExcelTests" name="BrandQuantityInt" time="0.0">
    <failure type="org.testng.TestNGException" message="
Data Provider public java.lang.Object[][] testTakeaLot.ReadDataFromExcelTests.getDataFromExcel() throws java.io.IOException returned a null value">
      <![CDATA[org.testng.TestNGException: 
Data Provider public java.lang.Object[][] testTakeaLot.ReadDataFromExcelTests.getDataFromExcel() throws java.io.IOException returned a null value
at java.base/java.util.ArrayList.forEach(ArrayList.java:1511)
... Removed 24 stack frames]]>
    </failure>
  </testcase> <!-- BrandQuantityInt -->
  <testcase classname="testTakeaLot.Tests" name="GIVEN_ShopperHasSelectedItem_WHEN_ShopperAddsItemToCart_AND_ShopperNavigatesToCart_THEN_CheckItemIsAddedToCart3" time="17.811"/>
  <testcase classname="testTakeaLot.Tests" name="GIVEN_ShopperHasSelectedItem_WHEN_ShopperAddsItemToWishList_AND_ShopperNavigatesToWishList_THEN_CheckItemIsAddedToWishList2" time="39.228">
    <failure type="org.openqa.selenium.TimeoutException" message="Expected condition failed: waiting for element to be clickable: By.cssSelector: .button.shade-gray.wishlist-button.wishlist-split-button-module_wishlist-button_36rqk (tried for 30 second(s) with 500 milliseconds interval)">
      <![CDATA[org.openqa.selenium.TimeoutException: Expected condition failed: waiting for element to be clickable: By.cssSelector: .button.shade-gray.wishlist-button.wishlist-split-button-module_wishlist-button_36rqk (tried for 30 second(s) with 500 milliseconds interval)
at org.openqa.selenium.support.ui.WebDriverWait.timeoutException(WebDriverWait.java:95)
at org.openqa.selenium.support.ui.FluentWait.until(FluentWait.java:272)
at frameWorkClasses.BasePage.waitforClick(BasePage.java:128)
at frameWorkClasses.BasePage.clickElement(BasePage.java:147)
at pageObjectsTakeaLot.ItemDetailPage.clickAddToWishList(ItemDetailPage.java:29)
at testTakeaLot.Tests.GIVEN_ShopperHasSelectedItem_WHEN_ShopperAddsItemToWishList_AND_ShopperNavigatesToWishList_THEN_CheckItemIsAddedToWishList2(Tests.java:164)
at java.base/java.util.ArrayList.forEach(ArrayList.java:1511)
Caused by: org.openqa.selenium.NoSuchElementException: no such element: Unable to locate element: {"method":"css selector","selector":".button.shade-gray.wishlist-button.wishlist-split-button-module_wishlist-button_36rqk"}
  (Session info: chrome=100.0.4896.127)
For documentation on this error, please visit: https://www.seleniumhq.org/exceptions/no_such_element.html
Build info: version: '3.141.59', revision: 'e82be7d358', time: '2018-11-14T08:17:03'
System info: host: 'PIT0901', ip: '192.168.1.19', os.name: 'Windows 10', os.arch: 'amd64', os.version: '10.0', java.version: '18'
Driver info: org.openqa.selenium.chrome.ChromeDriver
Capabilities {acceptInsecureCerts: false, browserName: chrome, browserVersion: 100.0.4896.127, chrome: {chromedriverVersion: 100.0.4896.60 (6a5d10861ce8..., userDataDir: C:\Users\roxannev\AppData\L...}, goog:chromeOptions: {debuggerAddress: localhost:52225}, javascriptEnabled: true, networkConnectionEnabled: false, pageLoadStrategy: normal, platform: WINDOWS, platformName: WINDOWS, proxy: Proxy(), setWindowRect: true, strictFileInteractability: false, timeouts: {implicit: 0, pageLoad: 300000, script: 30000}, unhandledPromptBehavior: dismiss and notify, webauthn:extension:credBlob: true, webauthn:extension:largeBlob: true, webauthn:virtualAuthenticators: true}
Session ID: a63a78d42c5dbb89b431de63546c64c1
*** Element info: {Using=css selector, value=.button.shade-gray.wishlist-button.wishlist-split-button-module_wishlist-button_36rqk}
at org.openqa.selenium.remote.http.W3CHttpResponseCodec.createException(W3CHttpResponseCodec.java:187)
at org.openqa.selenium.remote.http.W3CHttpResponseCodec.decode(W3CHttpResponseCodec.java:122)
at org.openqa.selenium.remote.http.W3CHttpResponseCodec.decode(W3CHttpResponseCodec.java:49)
at org.openqa.selenium.remote.HttpCommandExecutor.execute(HttpCommandExecutor.java:158)
at org.openqa.selenium.remote.service.DriverCommandExecutor.execute(DriverCommandExecutor.java:83)
at org.openqa.selenium.remote.RemoteWebDriver.execute(RemoteWebDriver.java:552)
at org.openqa.selenium.remote.RemoteWebDriver.findElement(RemoteWebDriver.java:323)
at org.openqa.selenium.remote.RemoteWebDriver.findElementByCssSelector(RemoteWebDriver.java:420)
at org.openqa.selenium.By$ByCssSelector.findElement(By.java:431)
at org.openqa.selenium.remote.RemoteWebDriver.findElement(RemoteWebDriver.java:315)
at org.openqa.selenium.support.ui.ExpectedConditions$7.apply(ExpectedConditions.java:205)
at org.openqa.selenium.support.ui.ExpectedConditions$7.apply(ExpectedConditions.java:201)
at org.openqa.selenium.support.ui.ExpectedConditions$22.apply(ExpectedConditions.java:641)
at org.openqa.selenium.support.ui.ExpectedConditions$22.apply(ExpectedConditions.java:638)
at org.openqa.selenium.support.ui.FluentWait.until(FluentWait.java:249)
... 30 more
... Removed 28 stack frames]]>
    </failure>
  </testcase> <!-- GIVEN_ShopperHasSelectedItem_WHEN_ShopperAddsItemToWishList_AND_ShopperNavigatesToWishList_THEN_CheckItemIsAddedToWishList2 -->
  <testcase classname="testTakeaLot.Tests" name="GIVEN_ShopperHasSelectedItem_WHEN_ShopperAddsItemToWishList_AND_ShopperNavigatesToWishList_THEN_CheckItemIsAddedToWishList3" time="36.925">
    <failure type="org.openqa.selenium.TimeoutException" message="Expected condition failed: waiting for element to be clickable: By.cssSelector: .basic.button.buybox-actions-module_call-to-action_3DrOo.dark.ghost.variants-cta (tried for 30 second(s) with 500 milliseconds interval)">
      <![CDATA[org.openqa.selenium.TimeoutException: Expected condition failed: waiting for element to be clickable: By.cssSelector: .basic.button.buybox-actions-module_call-to-action_3DrOo.dark.ghost.variants-cta (tried for 30 second(s) with 500 milliseconds interval)
at org.openqa.selenium.support.ui.WebDriverWait.timeoutException(WebDriverWait.java:95)
at org.openqa.selenium.support.ui.FluentWait.until(FluentWait.java:272)
at frameWorkClasses.BasePage.waitforClick(BasePage.java:128)
at frameWorkClasses.BasePage.clickElement(BasePage.java:147)
at pageObjectsTakeaLot.ItemDetailPage.clickSelectOptions(ItemDetailPage.java:37)
at testTakeaLot.Tests.GIVEN_ShopperHasSelectedItem_WHEN_ShopperAddsItemToWishList_AND_ShopperNavigatesToWishList_THEN_CheckItemIsAddedToWishList3(Tests.java:183)
at java.base/java.util.ArrayList.forEach(ArrayList.java:1511)
Caused by: org.openqa.selenium.NoSuchElementException: no such element: Unable to locate element: {"method":"css selector","selector":".basic.button.buybox-actions-module_call-to-action_3DrOo.dark.ghost.variants-cta"}
  (Session info: chrome=100.0.4896.127)
For documentation on this error, please visit: https://www.seleniumhq.org/exceptions/no_such_element.html
Build info: version: '3.141.59', revision: 'e82be7d358', time: '2018-11-14T08:17:03'
System info: host: 'PIT0901', ip: '192.168.1.19', os.name: 'Windows 10', os.arch: 'amd64', os.version: '10.0', java.version: '18'
Driver info: org.openqa.selenium.chrome.ChromeDriver
Capabilities {acceptInsecureCerts: false, browserName: chrome, browserVersion: 100.0.4896.127, chrome: {chromedriverVersion: 100.0.4896.60 (6a5d10861ce8..., userDataDir: C:\Users\roxannev\AppData\L...}, goog:chromeOptions: {debuggerAddress: localhost:52225}, javascriptEnabled: true, networkConnectionEnabled: false, pageLoadStrategy: normal, platform: WINDOWS, platformName: WINDOWS, proxy: Proxy(), setWindowRect: true, strictFileInteractability: false, timeouts: {implicit: 0, pageLoad: 300000, script: 30000}, unhandledPromptBehavior: dismiss and notify, webauthn:extension:credBlob: true, webauthn:extension:largeBlob: true, webauthn:virtualAuthenticators: true}
Session ID: a63a78d42c5dbb89b431de63546c64c1
*** Element info: {Using=css selector, value=.basic.button.buybox-actions-module_call-to-action_3DrOo.dark.ghost.variants-cta}
at org.openqa.selenium.remote.http.W3CHttpResponseCodec.createException(W3CHttpResponseCodec.java:187)
at org.openqa.selenium.remote.http.W3CHttpResponseCodec.decode(W3CHttpResponseCodec.java:122)
at org.openqa.selenium.remote.http.W3CHttpResponseCodec.decode(W3CHttpResponseCodec.java:49)
at org.openqa.selenium.remote.HttpCommandExecutor.execute(HttpCommandExecutor.java:158)
at org.openqa.selenium.remote.service.DriverCommandExecutor.execute(DriverCommandExecutor.java:83)
at org.openqa.selenium.remote.RemoteWebDriver.execute(RemoteWebDriver.java:552)
at org.openqa.selenium.remote.RemoteWebDriver.findElement(RemoteWebDriver.java:323)
at org.openqa.selenium.remote.RemoteWebDriver.findElementByCssSelector(RemoteWebDriver.java:420)
at org.openqa.selenium.By$ByCssSelector.findElement(By.java:431)
at org.openqa.selenium.remote.RemoteWebDriver.findElement(RemoteWebDriver.java:315)
at org.openqa.selenium.support.ui.ExpectedConditions$7.apply(ExpectedConditions.java:205)
at org.openqa.selenium.support.ui.ExpectedConditions$7.apply(ExpectedConditions.java:201)
at org.openqa.selenium.support.ui.ExpectedConditions$22.apply(ExpectedConditions.java:641)
at org.openqa.selenium.support.ui.ExpectedConditions$22.apply(ExpectedConditions.java:638)
at org.openqa.selenium.support.ui.FluentWait.until(FluentWait.java:249)
... 30 more
... Removed 28 stack frames]]>
    </failure>
  </testcase> <!-- GIVEN_ShopperHasSelectedItem_WHEN_ShopperAddsItemToWishList_AND_ShopperNavigatesToWishList_THEN_CheckItemIsAddedToWishList3 -->
  <testcase classname="testTakeaLot.Tests" name="GIVEN_ShopperIsOnLandingPage_WHEN_ShopperClicksOnCartButton_THEN_CheckShopperIsOnCartPage_AND_CheckCArtIsEmpty1" time="0.0"/>
  <testcase classname="testTakeaLot.Tests" name="GIVEN_ShopperIsOnLandingPage_WHEN_ShopperEntersDKNYonSearchField_AND_ShopperClicksSearchButton_THEN_DKNYisDisplayed2" time="36.482">
    <failure type="org.openqa.selenium.TimeoutException" message="Expected condition failed: waiting for element to be clickable: By.cssSelector: .title-content-list a (tried for 30 second(s) with 500 milliseconds interval)">
      <![CDATA[org.openqa.selenium.TimeoutException: Expected condition failed: waiting for element to be clickable: By.cssSelector: .title-content-list a (tried for 30 second(s) with 500 milliseconds interval)
at org.openqa.selenium.support.ui.WebDriverWait.timeoutException(WebDriverWait.java:95)
at org.openqa.selenium.support.ui.FluentWait.until(FluentWait.java:272)
at frameWorkClasses.BasePage.waitforClick(BasePage.java:128)
at frameWorkClasses.BasePage.getElement(BasePage.java:153)
at frameWorkClasses.BasePage.getElementText(BasePage.java:133)
at pageObjectsTakeaLot.ItemDetailPage.itemBrand(ItemDetailPage.java:11)
at testTakeaLot.Tests.GIVEN_ShopperIsOnLandingPage_WHEN_ShopperEntersDKNYonSearchField_AND_ShopperClicksSearchButton_THEN_DKNYisDisplayed2(Tests.java:93)
at java.base/java.util.ArrayList.forEach(ArrayList.java:1511)
Caused by: org.openqa.selenium.NoSuchElementException: no such element: Unable to locate element: {"method":"css selector","selector":".title-content-list a"}
  (Session info: chrome=100.0.4896.127)
For documentation on this error, please visit: https://www.seleniumhq.org/exceptions/no_such_element.html
Build info: version: '3.141.59', revision: 'e82be7d358', time: '2018-11-14T08:17:03'
System info: host: 'PIT0901', ip: '192.168.1.19', os.name: 'Windows 10', os.arch: 'amd64', os.version: '10.0', java.version: '18'
Driver info: org.openqa.selenium.chrome.ChromeDriver
Capabilities {acceptInsecureCerts: false, browserName: chrome, browserVersion: 100.0.4896.127, chrome: {chromedriverVersion: 100.0.4896.60 (6a5d10861ce8..., userDataDir: C:\Users\roxannev\AppData\L...}, goog:chromeOptions: {debuggerAddress: localhost:52225}, javascriptEnabled: true, networkConnectionEnabled: false, pageLoadStrategy: normal, platform: WINDOWS, platformName: WINDOWS, proxy: Proxy(), setWindowRect: true, strictFileInteractability: false, timeouts: {implicit: 0, pageLoad: 300000, script: 30000}, unhandledPromptBehavior: dismiss and notify, webauthn:extension:credBlob: true, webauthn:extension:largeBlob: true, webauthn:virtualAuthenticators: true}
Session ID: a63a78d42c5dbb89b431de63546c64c1
*** Element info: {Using=css selector, value=.title-content-list a}
at org.openqa.selenium.remote.http.W3CHttpResponseCodec.createException(W3CHttpResponseCodec.java:187)
at org.openqa.selenium.remote.http.W3CHttpResponseCodec.decode(W3CHttpResponseCodec.java:122)
at org.openqa.selenium.remote.http.W3CHttpResponseCodec.decode(W3CHttpResponseCodec.java:49)
at org.openqa.selenium.remote.HttpCommandExecutor.execute(HttpCommandExecutor.java:158)
at org.openqa.selenium.remote.service.DriverCommandExecutor.execute(DriverCommandExecutor.java:83)
at org.openqa.selenium.remote.RemoteWebDriver.execute(RemoteWebDriver.java:552)
at org.openqa.selenium.remote.RemoteWebDriver.findElement(RemoteWebDriver.java:323)
at org.openqa.selenium.remote.RemoteWebDriver.findElementByCssSelector(RemoteWebDriver.java:420)
at org.openqa.selenium.By$ByCssSelector.findElement(By.java:431)
at org.openqa.selenium.remote.RemoteWebDriver.findElement(RemoteWebDriver.java:315)
at org.openqa.selenium.support.ui.ExpectedConditions$7.apply(ExpectedConditions.java:205)
at org.openqa.selenium.support.ui.ExpectedConditions$7.apply(ExpectedConditions.java:201)
at org.openqa.selenium.support.ui.ExpectedConditions$22.apply(ExpectedConditions.java:641)
at org.openqa.selenium.support.ui.ExpectedConditions$22.apply(ExpectedConditions.java:638)
at org.openqa.selenium.support.ui.FluentWait.until(FluentWait.java:249)
... 31 more
... Removed 28 stack frames]]>
    </failure>
  </testcase> <!-- GIVEN_ShopperIsOnLandingPage_WHEN_ShopperEntersDKNYonSearchField_AND_ShopperClicksSearchButton_THEN_DKNYisDisplayed2 -->
  <testcase classname="testTakeaLot.Tests" name="GIVEN_ShopperIsOnLandingPage_WHEN_ShopperEntersDKNYonSearchField_AND_ShopperClicksSearchButton_THEN_DKNYisDisplayed4" time="37.529">
    <failure type="org.openqa.selenium.TimeoutException" message="Expected condition failed: waiting for element to be clickable: By.cssSelector: .title-content-list a (tried for 30 second(s) with 500 milliseconds interval)">
      <![CDATA[org.openqa.selenium.TimeoutException: Expected condition failed: waiting for element to be clickable: By.cssSelector: .title-content-list a (tried for 30 second(s) with 500 milliseconds interval)
at org.openqa.selenium.support.ui.WebDriverWait.timeoutException(WebDriverWait.java:95)
at org.openqa.selenium.support.ui.FluentWait.until(FluentWait.java:272)
at frameWorkClasses.BasePage.waitforClick(BasePage.java:128)
at frameWorkClasses.BasePage.getElement(BasePage.java:153)
at frameWorkClasses.BasePage.getElementText(BasePage.java:133)
at pageObjectsTakeaLot.ItemDetailPage.itemBrand(ItemDetailPage.java:11)
at testTakeaLot.Tests.GIVEN_ShopperIsOnLandingPage_WHEN_ShopperEntersDKNYonSearchField_AND_ShopperClicksSearchButton_THEN_DKNYisDisplayed4(Tests.java:143)
at java.base/java.util.ArrayList.forEach(ArrayList.java:1511)
Caused by: org.openqa.selenium.NoSuchElementException: no such element: Unable to locate element: {"method":"css selector","selector":".title-content-list a"}
  (Session info: chrome=100.0.4896.127)
For documentation on this error, please visit: https://www.seleniumhq.org/exceptions/no_such_element.html
Build info: version: '3.141.59', revision: 'e82be7d358', time: '2018-11-14T08:17:03'
System info: host: 'PIT0901', ip: '192.168.1.19', os.name: 'Windows 10', os.arch: 'amd64', os.version: '10.0', java.version: '18'
Driver info: org.openqa.selenium.chrome.ChromeDriver
Capabilities {acceptInsecureCerts: false, browserName: chrome, browserVersion: 100.0.4896.127, chrome: {chromedriverVersion: 100.0.4896.60 (6a5d10861ce8..., userDataDir: C:\Users\roxannev\AppData\L...}, goog:chromeOptions: {debuggerAddress: localhost:52225}, javascriptEnabled: true, networkConnectionEnabled: false, pageLoadStrategy: normal, platform: WINDOWS, platformName: WINDOWS, proxy: Proxy(), setWindowRect: true, strictFileInteractability: false, timeouts: {implicit: 0, pageLoad: 300000, script: 30000}, unhandledPromptBehavior: dismiss and notify, webauthn:extension:credBlob: true, webauthn:extension:largeBlob: true, webauthn:virtualAuthenticators: true}
Session ID: a63a78d42c5dbb89b431de63546c64c1
*** Element info: {Using=css selector, value=.title-content-list a}
at org.openqa.selenium.remote.http.W3CHttpResponseCodec.createException(W3CHttpResponseCodec.java:187)
at org.openqa.selenium.remote.http.W3CHttpResponseCodec.decode(W3CHttpResponseCodec.java:122)
at org.openqa.selenium.remote.http.W3CHttpResponseCodec.decode(W3CHttpResponseCodec.java:49)
at org.openqa.selenium.remote.HttpCommandExecutor.execute(HttpCommandExecutor.java:158)
at org.openqa.selenium.remote.service.DriverCommandExecutor.execute(DriverCommandExecutor.java:83)
at org.openqa.selenium.remote.RemoteWebDriver.execute(RemoteWebDriver.java:552)
at org.openqa.selenium.remote.RemoteWebDriver.findElement(RemoteWebDriver.java:323)
at org.openqa.selenium.remote.RemoteWebDriver.findElementByCssSelector(RemoteWebDriver.java:420)
at org.openqa.selenium.By$ByCssSelector.findElement(By.java:431)
at org.openqa.selenium.remote.RemoteWebDriver.findElement(RemoteWebDriver.java:315)
at org.openqa.selenium.support.ui.ExpectedConditions$7.apply(ExpectedConditions.java:205)
at org.openqa.selenium.support.ui.ExpectedConditions$7.apply(ExpectedConditions.java:201)
at org.openqa.selenium.support.ui.ExpectedConditions$22.apply(ExpectedConditions.java:641)
at org.openqa.selenium.support.ui.ExpectedConditions$22.apply(ExpectedConditions.java:638)
at org.openqa.selenium.support.ui.FluentWait.until(FluentWait.java:249)
... 31 more
... Removed 28 stack frames]]>
    </failure>
  </testcase> <!-- GIVEN_ShopperIsOnLandingPage_WHEN_ShopperEntersDKNYonSearchField_AND_ShopperClicksSearchButton_THEN_DKNYisDisplayed4 -->
  <testcase classname="testTakeaLot.Tests" name="SearchWithExcel" time="0.0">
    <failure type="org.testng.TestNGException" message="
Data Provider public java.lang.Object[][] testTakeaLot.Tests.getDataFromExcel() throws java.io.IOException returned a null value">
      <![CDATA[org.testng.TestNGException: 
Data Provider public java.lang.Object[][] testTakeaLot.Tests.getDataFromExcel() throws java.io.IOException returned a null value
at java.base/java.util.ArrayList.forEach(ArrayList.java:1511)
... Removed 24 stack frames]]>
    </failure>
  </testcase> <!-- SearchWithExcel -->
  <testcase classname="testTakeaLot.ExeptionDemo" name="ArithmeticException_Demo" time="0.002"/>
  <testcase classname="testTakeaLot.ExeptionDemo" name="ArrayIndexOutOfBound_Demo" time="0.002"/>
  <testcase classname="testTakeaLot.ExeptionDemo" name="File_notFound_Demo" time="0.002"/>
  <testcase classname="testTakeaLot.ExeptionDemo" name="NullPointer_Demo" time="0.002"/>
  <testcase classname="testTakeaLot.ExeptionDemo" name="NumberFormat_Demo" time="0.001"/>
  <testcase classname="testTakeaLot.ExeptionDemo" name="StringIndexOutOfBound_Demo" time="0.001"/>
</testsuite> <!-- Testmxl -->
